2024-07-28 12:34:36.286 [info] Extension host with pid 26505 started
2024-07-28 12:34:38.195 [info] ExtensionService#_doActivateExtension eamodio.gitlens, startup: false, activationEvent: 'onWebviewPanel:gitlens.welcome'
2024-07-28 12:34:38.930 [info] ExtensionService#_doActivateExtension vscode.git-base, startup: true, activationEvent: '*', root cause: vscode.git
2024-07-28 12:34:39.835 [info] ExtensionService#_doActivateExtension vscode.github-authentication, startup: false, activationEvent: 'onAuthenticationRequest:github'
2024-07-28 12:34:39.943 [info] ExtensionService#_doActivateExtension vscode.git, startup: true, activationEvent: '*'
2024-07-28 12:34:40.073 [info] ExtensionService#_doActivateExtension vscode.github, startup: true, activationEvent: '*'
2024-07-28 12:34:40.574 [info] Eager extensions activated
2024-07-28 12:34:40.741 [info] ExtensionService#_doActivateExtension vscode.debug-auto-launch, startup: false, activationEvent: 'onStartupFinished'
2024-07-28 12:34:40.779 [info] ExtensionService#_doActivateExtension vscode.merge-conflict, startup: false, activationEvent: 'onStartupFinished'
2024-07-28 13:25:27.419 [info] Extension host terminating: renderer closed the MessagePort
2024-07-28 13:25:27.780 [error] Canceled: Canceled
	at new I (/usr/share/code/resources/app/out/vs/workbench/api/node/extensionHostProcess.js:144:34990)
	at S.U (/usr/share/code/resources/app/out/vs/workbench/api/node/extensionHostProcess.js:151:6023)
	at z.<computed>.F.charCodeAt.T.CharCode.DollarSign.z.<computed> (/usr/share/code/resources/app/out/vs/workbench/api/node/extensionHostProcess.js:151:3107)
	at f.g (/usr/share/code/resources/app/out/vs/workbench/api/node/extensionHostProcess.js:154:203861)
	at f.executeCommand (/usr/share/code/resources/app/out/vs/workbench/api/node/extensionHostProcess.js:154:203299)
	at A.registerCommand.description (/usr/share/code/resources/app/out/vs/workbench/api/node/extensionHostProcess.js:154:202623)
	at f.h (/usr/share/code/resources/app/out/vs/workbench/api/node/extensionHostProcess.js:154:204400)
	at f.g (/usr/share/code/resources/app/out/vs/workbench/api/node/extensionHostProcess.js:154:203392)
	at f.executeCommand (/usr/share/code/resources/app/out/vs/workbench/api/node/extensionHostProcess.js:154:203299)
	at Object.executeCommand (/usr/share/code/resources/app/out/vs/workbench/api/node/extensionHostProcess.js:164:23051)
	at w (/home/zii/.vscode/extensions/eamodio.gitlens-15.2.0/dist/gitlens.js:1455:39724)
	at c (/home/zii/.vscode/extensions/eamodio.gitlens-15.2.0/dist/gitlens.js:1455:44783)
	at ActionRunners._updateContextKeys (/home/zii/.vscode/extensions/eamodio.gitlens-15.2.0/dist/gitlens.js:1101:18425)
	at s (/home/zii/.vscode/extensions/eamodio.gitlens-15.2.0/dist/gitlens.js:1101:16869)
	at RegisteredActionRunner.unregister (/home/zii/.vscode/extensions/eamodio.gitlens-15.2.0/dist/gitlens.js:1101:17012)
	at RegisteredActionRunner.dispose (/home/zii/.vscode/extensions/eamodio.gitlens-15.2.0/dist/gitlens.js:1101:15665)
	at ActionRunners.dispose (/home/zii/.vscode/extensions/eamodio.gitlens-15.2.0/dist/gitlens.js:1101:16452)
	at /home/zii/.vscode/extensions/eamodio.gitlens-15.2.0/dist/gitlens.js:1414:20154
	at Array.forEach (<anonymous>)
	at Object.dispose (/home/zii/.vscode/extensions/eamodio.gitlens-15.2.0/dist/gitlens.js:1414:20136)
	at d (/usr/share/code/resources/app/out/vs/workbench/api/node/extensionHostProcess.js:30:744)
	at m.eb (/usr/share/code/resources/app/out/vs/workbench/api/node/extensionHostProcess.js:160:10039)
	at /usr/share/code/resources/app/out/vs/workbench/api/node/extensionHostProcess.js:160:7915
	at Array.map (<anonymous>)
	at m.$ (/usr/share/code/resources/app/out/vs/workbench/api/node/extensionHostProcess.js:160:7902)
	at m.terminate (/usr/share/code/resources/app/out/vs/workbench/api/node/extensionHostProcess.js:160:8175)
	at d.terminate (/usr/share/code/resources/app/out/vs/workbench/api/node/extensionHostProcess.js:164:1513)
	at i (/usr/share/code/resources/app/out/vs/workbench/api/node/extensionHostProcess.js:177:10617)
	at MessagePortMain.<anonymous> (/usr/share/code/resources/app/out/vs/workbench/api/node/extensionHostProcess.js:177:6809)
	at MessagePortMain.emit (node:events:514:28)
	at MessagePortMain._internalPort.emit (node:electron/js2c/utility_init:2:2285) setContext undefined
2024-07-28 13:25:27.782 [error] Canceled: Canceled
	at new I (/usr/share/code/resources/app/out/vs/workbench/api/node/extensionHostProcess.js:144:34990)
	at S.U (/usr/share/code/resources/app/out/vs/workbench/api/node/extensionHostProcess.js:151:6023)
	at z.<computed>.F.charCodeAt.T.CharCode.DollarSign.z.<computed> (/usr/share/code/resources/app/out/vs/workbench/api/node/extensionHostProcess.js:151:3107)
	at f.g (/usr/share/code/resources/app/out/vs/workbench/api/node/extensionHostProcess.js:154:203861)
	at f.executeCommand (/usr/share/code/resources/app/out/vs/workbench/api/node/extensionHostProcess.js:154:203299)
	at A.registerCommand.description (/usr/share/code/resources/app/out/vs/workbench/api/node/extensionHostProcess.js:154:202623)
	at f.h (/usr/share/code/resources/app/out/vs/workbench/api/node/extensionHostProcess.js:154:204400)
	at f.g (/usr/share/code/resources/app/out/vs/workbench/api/node/extensionHostProcess.js:154:203392)
	at f.executeCommand (/usr/share/code/resources/app/out/vs/workbench/api/node/extensionHostProcess.js:154:203299)
	at Object.executeCommand (/usr/share/code/resources/app/out/vs/workbench/api/node/extensionHostProcess.js:164:23051)
	at w (/home/zii/.vscode/extensions/eamodio.gitlens-15.2.0/dist/gitlens.js:1455:39724)
	at c (/home/zii/.vscode/extensions/eamodio.gitlens-15.2.0/dist/gitlens.js:1455:44783)
	at ActionRunners._updateContextKeys (/home/zii/.vscode/extensions/eamodio.gitlens-15.2.0/dist/gitlens.js:1101:18425)
	at s (/home/zii/.vscode/extensions/eamodio.gitlens-15.2.0/dist/gitlens.js:1101:16869)
	at RegisteredActionRunner.unregister (/home/zii/.vscode/extensions/eamodio.gitlens-15.2.0/dist/gitlens.js:1101:17012)
	at RegisteredActionRunner.dispose (/home/zii/.vscode/extensions/eamodio.gitlens-15.2.0/dist/gitlens.js:1101:15665)
	at ActionRunners.dispose (/home/zii/.vscode/extensions/eamodio.gitlens-15.2.0/dist/gitlens.js:1101:16452)
	at /home/zii/.vscode/extensions/eamodio.gitlens-15.2.0/dist/gitlens.js:1414:20154
	at Array.forEach (<anonymous>)
	at Object.dispose (/home/zii/.vscode/extensions/eamodio.gitlens-15.2.0/dist/gitlens.js:1414:20136)
	at d (/usr/share/code/resources/app/out/vs/workbench/api/node/extensionHostProcess.js:30:744)
	at m.eb (/usr/share/code/resources/app/out/vs/workbench/api/node/extensionHostProcess.js:160:10039)
	at /usr/share/code/resources/app/out/vs/workbench/api/node/extensionHostProcess.js:160:7915
	at Array.map (<anonymous>)
	at m.$ (/usr/share/code/resources/app/out/vs/workbench/api/node/extensionHostProcess.js:160:7902)
	at m.terminate (/usr/share/code/resources/app/out/vs/workbench/api/node/extensionHostProcess.js:160:8175)
	at d.terminate (/usr/share/code/resources/app/out/vs/workbench/api/node/extensionHostProcess.js:164:1513)
	at i (/usr/share/code/resources/app/out/vs/workbench/api/node/extensionHostProcess.js:177:10617)
	at MessagePortMain.<anonymous> (/usr/share/code/resources/app/out/vs/workbench/api/node/extensionHostProcess.js:177:6809)
	at MessagePortMain.emit (node:events:514:28)
	at MessagePortMain._internalPort.emit (node:electron/js2c/utility_init:2:2285) setContext undefined
2024-07-28 13:25:27.783 [error] Canceled: Canceled
	at new I (/usr/share/code/resources/app/out/vs/workbench/api/node/extensionHostProcess.js:144:34990)
	at S.U (/usr/share/code/resources/app/out/vs/workbench/api/node/extensionHostProcess.js:151:6023)
	at z.<computed>.F.charCodeAt.T.CharCode.DollarSign.z.<computed> (/usr/share/code/resources/app/out/vs/workbench/api/node/extensionHostProcess.js:151:3107)
	at f.g (/usr/share/code/resources/app/out/vs/workbench/api/node/extensionHostProcess.js:154:203861)
	at f.executeCommand (/usr/share/code/resources/app/out/vs/workbench/api/node/extensionHostProcess.js:154:203299)
	at A.registerCommand.description (/usr/share/code/resources/app/out/vs/workbench/api/node/extensionHostProcess.js:154:202623)
	at f.h (/usr/share/code/resources/app/out/vs/workbench/api/node/extensionHostProcess.js:154:204400)
	at f.g (/usr/share/code/resources/app/out/vs/workbench/api/node/extensionHostProcess.js:154:203392)
	at f.executeCommand (/usr/share/code/resources/app/out/vs/workbench/api/node/extensionHostProcess.js:154:203299)
	at Object.executeCommand (/usr/share/code/resources/app/out/vs/workbench/api/node/extensionHostProcess.js:164:23051)
	at w (/home/zii/.vscode/extensions/eamodio.gitlens-15.2.0/dist/gitlens.js:1455:39724)
	at c (/home/zii/.vscode/extensions/eamodio.gitlens-15.2.0/dist/gitlens.js:1455:44783)
	at ActionRunners._updateContextKeys (/home/zii/.vscode/extensions/eamodio.gitlens-15.2.0/dist/gitlens.js:1101:18425)
	at s (/home/zii/.vscode/extensions/eamodio.gitlens-15.2.0/dist/gitlens.js:1101:16869)
	at RegisteredActionRunner.unregister (/home/zii/.vscode/extensions/eamodio.gitlens-15.2.0/dist/gitlens.js:1101:17012)
	at RegisteredActionRunner.dispose (/home/zii/.vscode/extensions/eamodio.gitlens-15.2.0/dist/gitlens.js:1101:15665)
	at ActionRunners.dispose (/home/zii/.vscode/extensions/eamodio.gitlens-15.2.0/dist/gitlens.js:1101:16452)
	at /home/zii/.vscode/extensions/eamodio.gitlens-15.2.0/dist/gitlens.js:1414:20154
	at Array.forEach (<anonymous>)
	at Object.dispose (/home/zii/.vscode/extensions/eamodio.gitlens-15.2.0/dist/gitlens.js:1414:20136)
	at d (/usr/share/code/resources/app/out/vs/workbench/api/node/extensionHostProcess.js:30:744)
	at m.eb (/usr/share/code/resources/app/out/vs/workbench/api/node/extensionHostProcess.js:160:10039)
	at /usr/share/code/resources/app/out/vs/workbench/api/node/extensionHostProcess.js:160:7915
	at Array.map (<anonymous>)
	at m.$ (/usr/share/code/resources/app/out/vs/workbench/api/node/extensionHostProcess.js:160:7902)
	at m.terminate (/usr/share/code/resources/app/out/vs/workbench/api/node/extensionHostProcess.js:160:8175)
	at d.terminate (/usr/share/code/resources/app/out/vs/workbench/api/node/extensionHostProcess.js:164:1513)
	at i (/usr/share/code/resources/app/out/vs/workbench/api/node/extensionHostProcess.js:177:10617)
	at MessagePortMain.<anonymous> (/usr/share/code/resources/app/out/vs/workbench/api/node/extensionHostProcess.js:177:6809)
	at MessagePortMain.emit (node:events:514:28)
	at MessagePortMain._internalPort.emit (node:electron/js2c/utility_init:2:2285) setContext undefined
2024-07-28 13:25:27.785 [info] Extension host with pid 26505 exiting with code 0
