WARN  | vscode-loader: Could not find package.json(c) in path your path! (expanded to nil).
WARN  | vscode-loader: Could not resolve all manifests for paths `{ "your path!" }`: only found `{}`
WARN  | vscode-loader: Could not find package.json(c) in path  (expanded to nil).
WARN  | vscode-loader: Could not resolve all manifests for paths `{ "" }`: only found `{}`
WARN  | snipmate-loader: Could not resolve all collection-roots for paths `{ "" }`: only found `{}`
WARN  | lua-loader: Could not resolve all collection-roots for paths `{ "" }`: only found `{}`
WARN  | vscode-loader: Could not find package.json(c) in path your path! (expanded to nil).
WARN  | vscode-loader: Could not resolve all manifests for paths `{ "your path!" }`: only found `{}`
WARN  | vscode-loader: Could not find package.json(c) in path  (expanded to nil).
WARN  | vscode-loader: Could not resolve all manifests for paths `{ "" }`: only found `{}`
WARN  | snipmate-loader: Could not resolve all collection-roots for paths `{ "" }`: only found `{}`
WARN  | lua-loader: Could not resolve all collection-roots for paths `{ "" }`: only found `{}`
WARN  | vscode-loader: Could not find package.json(c) in path your path! (expanded to nil).
WARN  | vscode-loader: Could not resolve all manifests for paths `{ "your path!" }`: only found `{}`
WARN  | vscode-loader: Could not find package.json(c) in path  (expanded to nil).
WARN  | vscode-loader: Could not resolve all manifests for paths `{ "" }`: only found `{}`
WARN  | snipmate-loader: Could not resolve all collection-roots for paths `{ "" }`: only found `{}`
WARN  | lua-loader: Could not resolve all collection-roots for paths `{ "" }`: only found `{}`
WARN  | vscode-loader: Could not find package.json(c) in path your path! (expanded to nil).
WARN  | vscode-loader: Could not resolve all manifests for paths `{ "your path!" }`: only found `{}`
WARN  | vscode-loader: Could not find package.json(c) in path  (expanded to nil).
WARN  | vscode-loader: Could not resolve all manifests for paths `{ "" }`: only found `{}`
WARN  | snipmate-loader: Could not resolve all collection-roots for paths `{ "" }`: only found `{}`
WARN  | lua-loader: Could not resolve all collection-roots for paths `{ "" }`: only found `{}`
WARN  | vscode-loader: Could not find package.json(c) in path your path! (expanded to nil).
WARN  | vscode-loader: Could not resolve all manifests for paths `{ "your path!" }`: only found `{}`
WARN  | vscode-loader: Could not find package.json(c) in path  (expanded to nil).
WARN  | vscode-loader: Could not resolve all manifests for paths `{ "" }`: only found `{}`
WARN  | snipmate-loader: Could not resolve all collection-roots for paths `{ "" }`: only found `{}`
WARN  | lua-loader: Could not resolve all collection-roots for paths `{ "" }`: only found `{}`
WARN  | vscode-loader: Could not find package.json(c) in path your path! (expanded to nil).
WARN  | vscode-loader: Could not resolve all manifests for paths `{ "your path!" }`: only found `{}`
WARN  | vscode-loader: Could not find package.json(c) in path  (expanded to nil).
WARN  | vscode-loader: Could not resolve all manifests for paths `{ "" }`: only found `{}`
WARN  | snipmate-loader: Could not resolve all collection-roots for paths `{ "" }`: only found `{}`
WARN  | lua-loader: Could not resolve all collection-roots for paths `{ "" }`: only found `{}`
