2024-07-21 15:32:19.462 [info] Added views:workbench.panel.markers.view in workbench.panel.markers
2024-07-21 15:32:19.462 [info] Added views:workbench.panel.output in workbench.panel.output
2024-07-21 15:32:19.462 [info] Added views:terminal in terminal
2024-07-21 15:32:19.462 [info] Added views:outline in workbench.view.explorer
2024-07-21 15:32:19.462 [info] Added views:workbench.scm in workbench.view.scm
2024-07-21 15:32:19.462 [info] Added views:workbench.view.search in workbench.view.search
2024-07-21 15:32:19.463 [info] Added views:timeline in workbench.view.explorer
2024-07-21 15:32:19.463 [info] Added views:workbench.explorer.emptyView in workbench.view.explorer
2024-07-21 15:32:23.165 [info] Added views:workbench.debug.variablesView,workbench.debug.watchExpressionsView,workbench.debug.callStackView,workbench.debug.breakPointsView in workbench.view.debug
2024-07-21 15:32:23.648 [info] Added views:workbench.panel.repl.view in workbench.panel.repl
2024-07-21 15:32:23.654 [info] Removed views:workbench.debug.breakPointsView,workbench.debug.callStackView,workbench.debug.watchExpressionsView,workbench.debug.variablesView from workbench.view.debug
2024-07-21 15:32:23.657 [info] Added views:workbench.debug.welcome in workbench.view.debug
2024-07-21 15:32:25.145 [info] Added views:~remote.forwardedPorts in ~remote.forwardedPortsContainer
2024-07-21 15:32:35.582 [info] Added views:workbench.views.extensions.installed,workbench.views.extensions.popular,extensions.recommendedList in workbench.view.extensions
2024-07-21 15:32:35.594 [info] Removed views:workbench.views.extensions.popular from workbench.view.extensions
2024-07-21 15:32:36.840 [info] Added views:workbench.views.extensions.popular in workbench.view.extensions
2024-07-21 15:33:26.314 [info] Removed views:extensions.recommendedList,workbench.views.extensions.popular,workbench.views.extensions.installed from workbench.view.extensions
2024-07-21 15:33:26.429 [info] Added views:workbench.views.extensions.marketplace in workbench.view.extensions
2024-07-21 15:33:29.392 [info] Added views:gitlens.views.home,gitlens.views.workspaces,gitlens.views.account in workbench.view.extension.gitlens
2024-07-21 15:33:29.416 [info] Added views:gitlens.views.commitDetails,gitlens.views.lineHistory,gitlens.views.fileHistory,gitlens.views.searchAndCompare in workbench.view.extension.gitlensInspect
2024-07-21 15:33:29.430 [info] Added views:gitlens.views.commits,gitlens.views.branches,gitlens.views.remotes,gitlens.views.stashes,gitlens.views.tags,gitlens.views.contributors in workbench.view.scm
2024-07-21 15:33:31.443 [info] Removed views:gitlens.views.searchAndCompare,gitlens.views.fileHistory,gitlens.views.lineHistory,gitlens.views.commitDetails from workbench.view.extension.gitlensInspect
2024-07-21 15:33:31.451 [info] Removed views:gitlens.views.contributors,gitlens.views.tags,gitlens.views.stashes,gitlens.views.remotes,gitlens.views.branches,gitlens.views.commits from workbench.view.scm
2024-07-21 15:33:32.064 [info] Added views:gitlens.views.drafts in workbench.view.extension.gitlens
2024-07-21 15:34:02.860 [info] Removed views:workbench.views.extensions.marketplace from workbench.view.extensions
2024-07-21 15:34:03.008 [info] Added views:workbench.views.extensions.installed,workbench.views.extensions.popular,extensions.recommendedList in workbench.view.extensions
2024-07-21 15:34:05.033 [info] Removed views:extensions.recommendedList,workbench.views.extensions.popular,workbench.views.extensions.installed from workbench.view.extensions
2024-07-21 15:34:05.101 [info] Added views:workbench.views.extensions.marketplace in workbench.view.extensions
2024-07-21 15:34:05.283 [info] Removed views:workbench.views.extensions.marketplace from workbench.view.extensions
2024-07-21 15:34:05.372 [info] Added views:workbench.views.extensions.installed,workbench.views.extensions.popular,extensions.recommendedList in workbench.view.extensions
2024-07-21 15:34:07.871 [info] Removed views:extensions.recommendedList,workbench.views.extensions.popular,workbench.views.extensions.installed from workbench.view.extensions
2024-07-21 15:34:07.926 [info] Added views:workbench.views.extensions.marketplace in workbench.view.extensions
