2024-07-21 15:32:21.923 [info] Started initializing default profile extensions in extensions installation folder. file:///home/zii/.vscode/extensions
2024-07-21 15:32:22.337 [warning] Failed to create default profile extensions manifest in extensions installation folder. file:///home/zii/.vscode/extensions Unable to create file 'vscode-userdata:/home/zii/.vscode/extensions/extensions.json' that already exists when overwrite flag is not set
2024-07-21 15:32:22.339 [info] Completed initializing default profile extensions in extensions installation folder. file:///home/zii/.vscode/extensions
2024-07-21 15:32:50.953 [info] Getting Manifest... eamodio.gitlens
2024-07-21 15:32:51.060 [info] Installing extension: eamodio.gitlens {"isMachineScoped":false,"installPreReleaseVersion":false,"pinned":false,"profileLocation":{"$mid":1,"external":"vscode-userdata:/home/zii/.vscode/extensions/extensions.json","path":"/home/zii/.vscode/extensions/extensions.json","scheme":"vscode-userdata"},"installOnlyNewlyAddedFromExtensionPack":true,"isApplicationScoped":false,"productVersion":{"version":"1.91.1","date":"2024-07-09T22:05:34.549Z"}}
2024-07-21 15:32:53.357 [info] Getting Manifest... ms-python.python
2024-07-21 15:32:53.418 [info] Installing extension: ms-python.python {"isMachineScoped":false,"installPreReleaseVersion":false,"pinned":false,"profileLocation":{"$mid":1,"external":"vscode-userdata:/home/zii/.vscode/extensions/extensions.json","path":"/home/zii/.vscode/extensions/extensions.json","scheme":"vscode-userdata"},"installOnlyNewlyAddedFromExtensionPack":true,"isApplicationScoped":false,"productVersion":{"version":"1.91.1","date":"2024-07-09T22:05:34.549Z"}}
2024-07-21 15:32:54.884 [info] Getting Manifest... ms-python.vscode-pylance
2024-07-21 15:33:00.759 [info] Getting Manifest... ms-python.debugpy
2024-07-21 15:33:03.314 [info] Installing extension: ms-python.vscode-pylance {"isMachineScoped":false,"installPreReleaseVersion":false,"pinned":false,"profileLocation":{"$mid":1,"external":"vscode-userdata:/home/zii/.vscode/extensions/extensions.json","path":"/home/zii/.vscode/extensions/extensions.json","scheme":"vscode-userdata"},"installOnlyNewlyAddedFromExtensionPack":true,"isApplicationScoped":false,"productVersion":{"version":"1.91.1","date":"2024-07-09T22:05:34.549Z"},"context":{"dependecyOrPackExtensionInstall":true}}
2024-07-21 15:33:03.318 [info] Installing extension: ms-python.debugpy {"isMachineScoped":false,"installPreReleaseVersion":false,"pinned":false,"profileLocation":{"$mid":1,"external":"vscode-userdata:/home/zii/.vscode/extensions/extensions.json","path":"/home/zii/.vscode/extensions/extensions.json","scheme":"vscode-userdata"},"installOnlyNewlyAddedFromExtensionPack":true,"isApplicationScoped":false,"productVersion":{"version":"1.91.1","date":"2024-07-09T22:05:34.549Z"},"context":{"dependecyOrPackExtensionInstall":true}}
2024-07-21 15:33:17.979 [info] Getting Manifest... ms-toolsai.jupyter
2024-07-21 15:33:18.022 [info] Installing extension: ms-toolsai.jupyter {"isMachineScoped":false,"installPreReleaseVersion":false,"pinned":false,"profileLocation":{"$mid":1,"external":"vscode-userdata:/home/zii/.vscode/extensions/extensions.json","path":"/home/zii/.vscode/extensions/extensions.json","scheme":"vscode-userdata"},"installOnlyNewlyAddedFromExtensionPack":true,"isApplicationScoped":false,"productVersion":{"version":"1.91.1","date":"2024-07-09T22:05:34.549Z"}}
2024-07-21 15:33:19.315 [info] Getting Manifest... ms-toolsai.jupyter-keymap
2024-07-21 15:33:22.776 [info] Getting Manifest... ms-toolsai.jupyter-renderers
2024-07-21 15:33:24.975 [info] Extension signature verification result for eamodio.gitlens: Success. Executed: true. Duration: 15865ms.
2024-07-21 15:33:27.199 [info] Getting Manifest... ms-toolsai.vscode-jupyter-cell-tags
2024-07-21 15:33:28.544 [info] Extracted extension to file:///home/zii/.vscode/extensions/eamodio.gitlens-15.2.0: eamodio.gitlens
2024-07-21 15:33:28.624 [info] Renamed to /home/zii/.vscode/extensions/eamodio.gitlens-15.2.0
2024-07-21 15:33:28.808 [info] Extension installed successfully: eamodio.gitlens vscode-userdata:/home/zii/.vscode/extensions/extensions.json
2024-07-21 15:33:28.843 [error] [uncaught exception in sharedProcess]: Error: ENOENT: no such file or directory, stat '/home/zii/.vscode/extensions/extensions.json.vsctmp': EntryNotFound (FileSystemError): Error: ENOENT: no such file or directory, stat '/home/zii/.vscode/extensions/extensions.json.vsctmp'
    at h.create (/usr/share/code/resources/app/out/vs/code/node/sharedProcess/sharedProcessMain.js:54:19262)
    at f (/usr/share/code/resources/app/out/vs/code/node/sharedProcess/sharedProcessMain.js:54:19372)
    at P.hb (/usr/share/code/resources/app/out/vs/code/node/sharedProcess/sharedProcessMain.js:59:36571)
    at P.stat (/usr/share/code/resources/app/out/vs/code/node/sharedProcess/sharedProcessMain.js:59:28919)
    at async s.stat (/usr/share/code/resources/app/out/vs/code/node/sharedProcess/sharedProcessMain.js:59:14907)
    at async V.vb (/usr/share/code/resources/app/out/vs/code/node/sharedProcess/sharedProcessMain.js:105:119283)
2024-07-21 15:33:31.058 [info] Getting Manifest... ms-toolsai.vscode-jupyter-slideshow
2024-07-21 15:33:34.640 [info] Extension signature verification result for ms-python.debugpy: Success. Executed: true. Duration: 13839ms.
2024-07-21 15:33:35.209 [info] Installing extension: ms-toolsai.jupyter-keymap {"isMachineScoped":false,"installPreReleaseVersion":false,"pinned":false,"profileLocation":{"$mid":1,"external":"vscode-userdata:/home/zii/.vscode/extensions/extensions.json","path":"/home/zii/.vscode/extensions/extensions.json","scheme":"vscode-userdata"},"installOnlyNewlyAddedFromExtensionPack":true,"isApplicationScoped":false,"productVersion":{"version":"1.91.1","date":"2024-07-09T22:05:34.549Z"},"context":{"dependecyOrPackExtensionInstall":true}}
2024-07-21 15:33:35.210 [info] Installing extension: ms-toolsai.jupyter-renderers {"isMachineScoped":false,"installPreReleaseVersion":false,"pinned":false,"profileLocation":{"$mid":1,"external":"vscode-userdata:/home/zii/.vscode/extensions/extensions.json","path":"/home/zii/.vscode/extensions/extensions.json","scheme":"vscode-userdata"},"installOnlyNewlyAddedFromExtensionPack":true,"isApplicationScoped":false,"productVersion":{"version":"1.91.1","date":"2024-07-09T22:05:34.549Z"},"context":{"dependecyOrPackExtensionInstall":true}}
2024-07-21 15:33:35.212 [info] Installing extension: ms-toolsai.vscode-jupyter-cell-tags {"isMachineScoped":false,"installPreReleaseVersion":false,"pinned":false,"profileLocation":{"$mid":1,"external":"vscode-userdata:/home/zii/.vscode/extensions/extensions.json","path":"/home/zii/.vscode/extensions/extensions.json","scheme":"vscode-userdata"},"installOnlyNewlyAddedFromExtensionPack":true,"isApplicationScoped":false,"productVersion":{"version":"1.91.1","date":"2024-07-09T22:05:34.549Z"},"context":{"dependecyOrPackExtensionInstall":true}}
2024-07-21 15:33:35.214 [info] Installing extension: ms-toolsai.vscode-jupyter-slideshow {"isMachineScoped":false,"installPreReleaseVersion":false,"pinned":false,"profileLocation":{"$mid":1,"external":"vscode-userdata:/home/zii/.vscode/extensions/extensions.json","path":"/home/zii/.vscode/extensions/extensions.json","scheme":"vscode-userdata"},"installOnlyNewlyAddedFromExtensionPack":true,"isApplicationScoped":false,"productVersion":{"version":"1.91.1","date":"2024-07-09T22:05:34.549Z"},"context":{"dependecyOrPackExtensionInstall":true}}
2024-07-21 15:33:40.831 [info] Extracted extension to file:///home/zii/.vscode/extensions/ms-python.debugpy-2024.8.0-linux-arm64: ms-python.debugpy
2024-07-21 15:33:40.861 [info] Renamed to /home/zii/.vscode/extensions/ms-python.debugpy-2024.8.0-linux-arm64
2024-07-21 15:33:41.014 [error] [uncaught exception in sharedProcess]: Error: ENOENT: no such file or directory, stat '/home/zii/.vscode/extensions/extensions.json.vsctmp': EntryNotFound (FileSystemError): Error: ENOENT: no such file or directory, stat '/home/zii/.vscode/extensions/extensions.json.vsctmp'
    at h.create (/usr/share/code/resources/app/out/vs/code/node/sharedProcess/sharedProcessMain.js:54:19262)
    at f (/usr/share/code/resources/app/out/vs/code/node/sharedProcess/sharedProcessMain.js:54:19372)
    at P.hb (/usr/share/code/resources/app/out/vs/code/node/sharedProcess/sharedProcessMain.js:59:36571)
    at P.stat (/usr/share/code/resources/app/out/vs/code/node/sharedProcess/sharedProcessMain.js:59:28919)
    at async s.stat (/usr/share/code/resources/app/out/vs/code/node/sharedProcess/sharedProcessMain.js:59:14907)
    at async V.vb (/usr/share/code/resources/app/out/vs/code/node/sharedProcess/sharedProcessMain.js:105:119283)
2024-07-21 15:33:44.753 [info] Extension signature verification result for ms-python.python: Success. Executed: true. Duration: 9480ms.
2024-07-21 15:33:49.881 [info] Extension signature verification result for ms-toolsai.jupyter-keymap: Success. Executed: true. Duration: 8358ms.
2024-07-21 15:33:49.997 [info] Extracted extension to file:///home/zii/.vscode/extensions/ms-toolsai.jupyter-keymap-1.1.2: ms-toolsai.jupyter-keymap
2024-07-21 15:33:50.034 [info] Renamed to /home/zii/.vscode/extensions/ms-toolsai.jupyter-keymap-1.1.2
2024-07-21 15:33:52.286 [info] Extension signature verification result for ms-toolsai.vscode-jupyter-slideshow: Success. Executed: true. Duration: 8171ms.
2024-07-21 15:33:52.535 [info] Getting Manifest... teabyii.ayu
2024-07-21 15:33:52.656 [info] Installing extension: teabyii.ayu {"isMachineScoped":false,"installPreReleaseVersion":false,"pinned":false,"profileLocation":{"$mid":1,"external":"vscode-userdata:/home/zii/.vscode/extensions/extensions.json","path":"/home/zii/.vscode/extensions/extensions.json","scheme":"vscode-userdata"},"installOnlyNewlyAddedFromExtensionPack":true,"isApplicationScoped":false,"productVersion":{"version":"1.91.1","date":"2024-07-09T22:05:34.549Z"}}
2024-07-21 15:33:52.665 [info] Extension signature verification result for ms-toolsai.vscode-jupyter-cell-tags: Success. Executed: true. Duration: 9244ms.
2024-07-21 15:33:52.747 [info] Extracted extension to file:///home/zii/.vscode/extensions/ms-toolsai.vscode-jupyter-slideshow-0.1.6: ms-toolsai.vscode-jupyter-slideshow
2024-07-21 15:33:52.953 [info] Renamed to /home/zii/.vscode/extensions/ms-toolsai.vscode-jupyter-slideshow-0.1.6
2024-07-21 15:33:54.361 [info] Extracted extension to file:///home/zii/.vscode/extensions/ms-toolsai.vscode-jupyter-cell-tags-0.1.9: ms-toolsai.vscode-jupyter-cell-tags
2024-07-21 15:33:54.398 [info] Renamed to /home/zii/.vscode/extensions/ms-toolsai.vscode-jupyter-cell-tags-0.1.9
2024-07-21 15:33:54.579 [error] [uncaught exception in sharedProcess]: Error: ENOENT: no such file or directory, stat '/home/zii/.vscode/extensions/extensions.json.vsctmp': EntryNotFound (FileSystemError): Error: ENOENT: no such file or directory, stat '/home/zii/.vscode/extensions/extensions.json.vsctmp'
    at h.create (/usr/share/code/resources/app/out/vs/code/node/sharedProcess/sharedProcessMain.js:54:19262)
    at f (/usr/share/code/resources/app/out/vs/code/node/sharedProcess/sharedProcessMain.js:54:19372)
    at P.hb (/usr/share/code/resources/app/out/vs/code/node/sharedProcess/sharedProcessMain.js:59:36571)
    at P.stat (/usr/share/code/resources/app/out/vs/code/node/sharedProcess/sharedProcessMain.js:59:28919)
    at async s.stat (/usr/share/code/resources/app/out/vs/code/node/sharedProcess/sharedProcessMain.js:59:14907)
    at async V.vb (/usr/share/code/resources/app/out/vs/code/node/sharedProcess/sharedProcessMain.js:105:119283)
2024-07-21 15:34:02.762 [info] Extension signature verification result for ms-toolsai.jupyter: Success. Executed: true. Duration: 8737ms.
2024-07-21 15:34:03.511 [info] Extension signature verification result for ms-toolsai.jupyter-renderers: Success. Executed: true. Duration: 8711ms.
2024-07-21 15:34:03.513 [info] Extension signature verification result for teabyii.ayu: Success. Executed: true. Duration: 8141ms.
2024-07-21 15:34:06.599 [info] Extracted extension to file:///home/zii/.vscode/extensions/teabyii.ayu-1.0.5: teabyii.ayu
2024-07-21 15:34:06.640 [info] Renamed to /home/zii/.vscode/extensions/teabyii.ayu-1.0.5
2024-07-21 15:34:06.836 [error] [uncaught exception in sharedProcess]: Error: ENOENT: no such file or directory, stat '/home/zii/.vscode/extensions/extensions.json.vsctmp': EntryNotFound (FileSystemError): Error: ENOENT: no such file or directory, stat '/home/zii/.vscode/extensions/extensions.json.vsctmp'
    at h.create (/usr/share/code/resources/app/out/vs/code/node/sharedProcess/sharedProcessMain.js:54:19262)
    at f (/usr/share/code/resources/app/out/vs/code/node/sharedProcess/sharedProcessMain.js:54:19372)
    at P.hb (/usr/share/code/resources/app/out/vs/code/node/sharedProcess/sharedProcessMain.js:59:36571)
    at P.stat (/usr/share/code/resources/app/out/vs/code/node/sharedProcess/sharedProcessMain.js:59:28919)
    at async s.stat (/usr/share/code/resources/app/out/vs/code/node/sharedProcess/sharedProcessMain.js:59:14907)
    at async V.vb (/usr/share/code/resources/app/out/vs/code/node/sharedProcess/sharedProcessMain.js:105:119283)
2024-07-21 15:34:06.862 [info] Extension installed successfully: teabyii.ayu vscode-userdata:/home/zii/.vscode/extensions/extensions.json
2024-07-21 15:34:08.318 [info] Extracted extension to file:///home/zii/.vscode/extensions/ms-toolsai.jupyter-renderers-1.0.18: ms-toolsai.jupyter-renderers
2024-07-21 15:34:08.339 [info] Renamed to /home/zii/.vscode/extensions/ms-toolsai.jupyter-renderers-1.0.18
2024-07-21 15:34:08.522 [error] [uncaught exception in sharedProcess]: Error: ENOENT: no such file or directory, stat '/home/zii/.vscode/extensions/extensions.json.vsctmp': EntryNotFound (FileSystemError): Error: ENOENT: no such file or directory, stat '/home/zii/.vscode/extensions/extensions.json.vsctmp'
    at h.create (/usr/share/code/resources/app/out/vs/code/node/sharedProcess/sharedProcessMain.js:54:19262)
    at f (/usr/share/code/resources/app/out/vs/code/node/sharedProcess/sharedProcessMain.js:54:19372)
    at P.hb (/usr/share/code/resources/app/out/vs/code/node/sharedProcess/sharedProcessMain.js:59:36571)
    at P.stat (/usr/share/code/resources/app/out/vs/code/node/sharedProcess/sharedProcessMain.js:59:28919)
    at async s.stat (/usr/share/code/resources/app/out/vs/code/node/sharedProcess/sharedProcessMain.js:59:14907)
    at async V.vb (/usr/share/code/resources/app/out/vs/code/node/sharedProcess/sharedProcessMain.js:105:119283)
2024-07-21 15:34:09.104 [info] Extracted extension to file:///home/zii/.vscode/extensions/ms-toolsai.jupyter-2024.6.0-linux-arm64: ms-toolsai.jupyter
2024-07-21 15:34:09.124 [info] Renamed to /home/zii/.vscode/extensions/ms-toolsai.jupyter-2024.6.0-linux-arm64
2024-07-21 15:34:09.257 [error] [uncaught exception in sharedProcess]: Error: ENOENT: no such file or directory, stat '/home/zii/.vscode/extensions/extensions.json.vsctmp': EntryNotFound (FileSystemError): Error: ENOENT: no such file or directory, stat '/home/zii/.vscode/extensions/extensions.json.vsctmp'
    at h.create (/usr/share/code/resources/app/out/vs/code/node/sharedProcess/sharedProcessMain.js:54:19262)
    at f (/usr/share/code/resources/app/out/vs/code/node/sharedProcess/sharedProcessMain.js:54:19372)
    at P.hb (/usr/share/code/resources/app/out/vs/code/node/sharedProcess/sharedProcessMain.js:59:36571)
    at P.stat (/usr/share/code/resources/app/out/vs/code/node/sharedProcess/sharedProcessMain.js:59:28919)
    at async s.stat (/usr/share/code/resources/app/out/vs/code/node/sharedProcess/sharedProcessMain.js:59:14907)
    at async V.vb (/usr/share/code/resources/app/out/vs/code/node/sharedProcess/sharedProcessMain.js:105:119283)
2024-07-21 15:34:09.284 [info] Extension installed successfully: ms-toolsai.jupyter-keymap vscode-userdata:/home/zii/.vscode/extensions/extensions.json
2024-07-21 15:34:09.285 [info] Extension installed successfully: ms-toolsai.vscode-jupyter-slideshow vscode-userdata:/home/zii/.vscode/extensions/extensions.json
2024-07-21 15:34:09.286 [info] Extension installed successfully: ms-toolsai.vscode-jupyter-cell-tags vscode-userdata:/home/zii/.vscode/extensions/extensions.json
2024-07-21 15:34:09.287 [info] Extension installed successfully: ms-toolsai.jupyter-renderers vscode-userdata:/home/zii/.vscode/extensions/extensions.json
2024-07-21 15:34:09.288 [info] Extension installed successfully: ms-toolsai.jupyter vscode-userdata:/home/zii/.vscode/extensions/extensions.json
2024-07-21 15:34:12.011 [info] Extracted extension to file:///home/zii/.vscode/extensions/ms-python.python-2024.10.0-linux-arm64: ms-python.python
2024-07-21 15:34:12.047 [info] Renamed to /home/zii/.vscode/extensions/ms-python.python-2024.10.0-linux-arm64
2024-07-21 15:34:12.179 [error] [uncaught exception in sharedProcess]: Error: ENOENT: no such file or directory, stat '/home/zii/.vscode/extensions/extensions.json.vsctmp': EntryNotFound (FileSystemError): Error: ENOENT: no such file or directory, stat '/home/zii/.vscode/extensions/extensions.json.vsctmp'
    at h.create (/usr/share/code/resources/app/out/vs/code/node/sharedProcess/sharedProcessMain.js:54:19262)
    at f (/usr/share/code/resources/app/out/vs/code/node/sharedProcess/sharedProcessMain.js:54:19372)
    at P.hb (/usr/share/code/resources/app/out/vs/code/node/sharedProcess/sharedProcessMain.js:59:36571)
    at P.stat (/usr/share/code/resources/app/out/vs/code/node/sharedProcess/sharedProcessMain.js:59:28919)
    at async s.stat (/usr/share/code/resources/app/out/vs/code/node/sharedProcess/sharedProcessMain.js:59:14907)
    at async V.vb (/usr/share/code/resources/app/out/vs/code/node/sharedProcess/sharedProcessMain.js:105:119283)
2024-07-21 15:34:17.010 [info] Extension signature verification result for ms-python.vscode-pylance: Success. Executed: true. Duration: 6680ms.
2024-07-21 15:34:41.195 [info] Getting Manifest... tomoki1207.pdf
2024-07-21 15:34:41.229 [info] Installing extension: tomoki1207.pdf {"isMachineScoped":false,"installPreReleaseVersion":false,"pinned":false,"profileLocation":{"$mid":1,"external":"vscode-userdata:/home/zii/.vscode/extensions/extensions.json","path":"/home/zii/.vscode/extensions/extensions.json","scheme":"vscode-userdata"},"installOnlyNewlyAddedFromExtensionPack":true,"isApplicationScoped":false,"productVersion":{"version":"1.91.1","date":"2024-07-09T22:05:34.549Z"}}
2024-07-21 15:34:47.830 [info] Extracted extension to file:///home/zii/.vscode/extensions/ms-python.vscode-pylance-2024.7.1: ms-python.vscode-pylance
2024-07-21 15:34:47.856 [info] Renamed to /home/zii/.vscode/extensions/ms-python.vscode-pylance-2024.7.1
2024-07-21 15:34:48.105 [error] [uncaught exception in sharedProcess]: Error: ENOENT: no such file or directory, stat '/home/zii/.vscode/extensions/extensions.json.vsctmp': EntryNotFound (FileSystemError): Error: ENOENT: no such file or directory, stat '/home/zii/.vscode/extensions/extensions.json.vsctmp'
    at h.create (/usr/share/code/resources/app/out/vs/code/node/sharedProcess/sharedProcessMain.js:54:19262)
    at f (/usr/share/code/resources/app/out/vs/code/node/sharedProcess/sharedProcessMain.js:54:19372)
    at P.hb (/usr/share/code/resources/app/out/vs/code/node/sharedProcess/sharedProcessMain.js:59:36571)
    at P.stat (/usr/share/code/resources/app/out/vs/code/node/sharedProcess/sharedProcessMain.js:59:28919)
    at async s.stat (/usr/share/code/resources/app/out/vs/code/node/sharedProcess/sharedProcessMain.js:59:14907)
    at async V.vb (/usr/share/code/resources/app/out/vs/code/node/sharedProcess/sharedProcessMain.js:105:119283)
2024-07-21 15:34:48.222 [info] Extension installed successfully: ms-python.debugpy vscode-userdata:/home/zii/.vscode/extensions/extensions.json
2024-07-21 15:34:48.226 [info] Extension installed successfully: ms-python.python vscode-userdata:/home/zii/.vscode/extensions/extensions.json
2024-07-21 15:34:48.231 [info] Extension installed successfully: ms-python.vscode-pylance vscode-userdata:/home/zii/.vscode/extensions/extensions.json
2024-07-21 15:34:52.251 [info] Extension signature verification result for tomoki1207.pdf: Success. Executed: true. Duration: 7804ms.
2024-07-21 15:34:54.197 [info] Extracted extension to file:///home/zii/.vscode/extensions/tomoki1207.pdf-1.2.2: tomoki1207.pdf
2024-07-21 15:34:54.267 [info] Renamed to /home/zii/.vscode/extensions/tomoki1207.pdf-1.2.2
2024-07-21 15:34:54.405 [error] [uncaught exception in sharedProcess]: Error: ENOENT: no such file or directory, stat '/home/zii/.vscode/extensions/extensions.json.vsctmp': EntryNotFound (FileSystemError): Error: ENOENT: no such file or directory, stat '/home/zii/.vscode/extensions/extensions.json.vsctmp'
    at h.create (/usr/share/code/resources/app/out/vs/code/node/sharedProcess/sharedProcessMain.js:54:19262)
    at f (/usr/share/code/resources/app/out/vs/code/node/sharedProcess/sharedProcessMain.js:54:19372)
    at P.hb (/usr/share/code/resources/app/out/vs/code/node/sharedProcess/sharedProcessMain.js:59:36571)
    at P.stat (/usr/share/code/resources/app/out/vs/code/node/sharedProcess/sharedProcessMain.js:59:28919)
    at async s.stat (/usr/share/code/resources/app/out/vs/code/node/sharedProcess/sharedProcessMain.js:59:14907)
    at async V.vb (/usr/share/code/resources/app/out/vs/code/node/sharedProcess/sharedProcessMain.js:105:119283)
2024-07-21 15:34:54.451 [info] Extension installed successfully: tomoki1207.pdf vscode-userdata:/home/zii/.vscode/extensions/extensions.json
