2024-03-25 08:32:00.564 [info] Added views:workbench.panel.markers.view in workbench.panel.markers
2024-03-25 08:32:00.564 [info] Added views:workbench.panel.output in workbench.panel.output
2024-03-25 08:32:00.564 [info] Added views:terminal in terminal
2024-03-25 08:32:00.564 [info] Added views:outline in workbench.view.explorer
2024-03-25 08:32:00.564 [info] Added views:workbench.scm in workbench.view.scm
2024-03-25 08:32:00.564 [info] Added views:workbench.view.search in workbench.view.search
2024-03-25 08:32:00.564 [info] Added views:timeline in workbench.view.explorer
2024-03-25 08:32:00.565 [info] Added views:workbench.explorer.emptyView in workbench.view.explorer
2024-03-25 08:32:02.075 [info] Added views:gitlens.views.home,gitlens.views.workspaces,gitlens.views.account in workbench.view.extension.gitlens
2024-03-25 08:32:02.079 [info] Added views:gitlens.views.commitDetails,gitlens.views.lineHistory,gitlens.views.fileHistory,gitlens.views.searchAndCompare in workbench.view.extension.gitlensInspect
2024-03-25 08:32:02.094 [info] Added views:gitlens.views.commits,gitlens.views.branches,gitlens.views.remotes,gitlens.views.stashes,gitlens.views.tags,gitlens.views.contributors in workbench.view.scm
2024-03-25 08:32:03.106 [info] Added views:workbench.debug.welcome in workbench.view.debug
2024-03-25 08:32:03.256 [info] Added views:workbench.panel.repl.view in workbench.panel.repl
2024-03-25 08:32:04.964 [info] Removed views:gitlens.views.searchAndCompare,gitlens.views.fileHistory,gitlens.views.lineHistory,gitlens.views.commitDetails from workbench.view.extension.gitlensInspect
2024-03-25 08:32:04.965 [info] Removed views:gitlens.views.contributors,gitlens.views.tags,gitlens.views.stashes,gitlens.views.remotes,gitlens.views.branches,gitlens.views.commits from workbench.view.scm
2024-03-25 08:32:05.990 [info] Added views:gitlens.views.drafts in workbench.view.extension.gitlens
2024-03-25 08:32:08.551 [info] Added views:~remote.forwardedPorts in ~remote.forwardedPortsContainer
2024-03-25 08:32:11.304 [info] Added views:workbench.view.testing in workbench.view.extension.test
2024-03-25 08:32:30.402 [info] Removed views:workbench.view.testing from workbench.view.extension.test
2024-03-25 08:32:35.696 [info] Added views:workbench.panel.markers.view in workbench.panel.markers
2024-03-25 08:32:35.696 [info] Added views:workbench.panel.output in workbench.panel.output
2024-03-25 08:32:35.696 [info] Added views:terminal in terminal
2024-03-25 08:32:35.696 [info] Added views:outline in workbench.view.explorer
2024-03-25 08:32:35.696 [info] Added views:workbench.scm in workbench.view.scm
2024-03-25 08:32:35.696 [info] Added views:workbench.view.search in workbench.view.search
2024-03-25 08:32:35.696 [info] Added views:timeline in workbench.view.explorer
2024-03-25 08:32:35.696 [info] Added views:workbench.explorer.fileView in workbench.view.explorer
2024-03-25 08:32:37.349 [info] Added views:gitlens.views.home,gitlens.views.workspaces,gitlens.views.account in workbench.view.extension.gitlens
2024-03-25 08:32:37.353 [info] Added views:gitlens.views.commitDetails,gitlens.views.lineHistory,gitlens.views.fileHistory,gitlens.views.searchAndCompare in workbench.view.extension.gitlensInspect
2024-03-25 08:32:37.361 [info] Added views:gitlens.views.commits,gitlens.views.branches,gitlens.views.remotes,gitlens.views.stashes,gitlens.views.tags,gitlens.views.contributors in workbench.view.scm
2024-03-25 08:32:38.716 [info] Added views:workbench.debug.variablesView,workbench.debug.watchExpressionsView,workbench.debug.callStackView,workbench.debug.breakPointsView in workbench.view.debug
2024-03-25 08:32:38.936 [info] Added views:workbench.panel.repl.view in workbench.panel.repl
2024-03-25 08:32:38.939 [info] Removed views:workbench.debug.breakPointsView,workbench.debug.callStackView,workbench.debug.watchExpressionsView,workbench.debug.variablesView from workbench.view.debug
2024-03-25 08:32:38.941 [info] Added views:workbench.debug.welcome in workbench.view.debug
2024-03-25 08:32:40.083 [info] Removed views:gitlens.views.workspaces from workbench.view.extension.gitlens
2024-03-25 08:32:40.086 [info] Removed views:gitlens.views.searchAndCompare,gitlens.views.fileHistory,gitlens.views.lineHistory,gitlens.views.commitDetails from workbench.view.extension.gitlensInspect
2024-03-25 08:32:40.087 [info] Removed views:gitlens.views.contributors,gitlens.views.tags,gitlens.views.stashes,gitlens.views.remotes,gitlens.views.branches,gitlens.views.commits from workbench.view.scm
2024-03-25 08:32:46.991 [info] Added views:~remote.forwardedPorts in ~remote.forwardedPortsContainer
2024-03-25 08:32:50.283 [info] Added views:workbench.view.testing in workbench.view.extension.test
2024-03-25 08:32:57.326 [info] Added views:gitlens.views.drafts,gitlens.views.workspaces in workbench.view.extension.gitlens
2024-03-25 08:32:57.336 [info] Removed views:workbench.view.testing from workbench.view.extension.test
2024-03-25 08:32:57.619 [info] Added views:workbench.view.testing in workbench.view.extension.test
2024-03-25 08:32:57.874 [info] Added views:gitlens.views.graph,gitlens.views.graphDetails in workbench.view.extension.gitlensPanel
2024-03-25 08:32:57.891 [info] Added views:gitlens.views.commitDetails,gitlens.views.lineHistory,gitlens.views.fileHistory,gitlens.views.timeline,gitlens.views.searchAndCompare in workbench.view.extension.gitlensInspect
2024-03-25 08:32:57.902 [info] Added views:gitlens.views.commits,gitlens.views.branches,gitlens.views.remotes,gitlens.views.stashes,gitlens.views.tags,gitlens.views.worktrees,gitlens.views.contributors in workbench.view.scm
2024-03-25 08:46:04.674 [info] Removed views:workbench.view.testing from workbench.view.extension.test
