2024-03-25 08:32:03.939 [info] Log level: Info
2024-03-25 08:32:03.939 [info] Validating found git in: "git"
2024-03-25 08:32:03.939 [info] Using git "2.34.1" from "git"
2024-03-25 08:32:59.886 [info] Log level: Info
2024-03-25 08:32:59.886 [info] Validating found git in: "git"
2024-03-25 08:32:59.886 [info] Using git "2.34.1" from "git"
2024-03-25 08:32:59.886 [info] > git rev-parse --show-toplevel [61ms]
2024-03-25 08:32:59.945 [info] > git rev-parse --git-dir --git-common-dir [6ms]
2024-03-25 08:33:00.016 [info] Open repository: /home/zii/.config/awesome
2024-03-25 08:33:00.141 [info] > git rev-parse --show-toplevel [13ms]
2024-03-25 08:33:00.146 [info] > git config --get commit.template [66ms]
2024-03-25 08:33:00.273 [info] > git for-each-ref --format=%(refname)%00%(upstream:short)%00%(objectname)%00%(upstream:track)%00%(upstream:remotename)%00%(upstream:remoteref) refs/heads/main refs/remotes/main [33ms]
2024-03-25 08:33:00.275 [info] > git rev-parse --show-toplevel [69ms]
2024-03-25 08:33:00.309 [warning] ENOENT: no such file or directory, open '/home/zii/.config/awesome/.git/refs/remotes/origin/main'
2024-03-25 08:33:00.346 [info] > git rev-parse refs/remotes/origin/main [37ms]
2024-03-25 08:33:00.391 [info] > git rev-parse --git-dir --git-common-dir [49ms]
2024-03-25 08:33:00.422 [info] Open repository: /home/zii/.config/awesome/freedesktop
2024-03-25 08:33:00.509 [info] > git rev-parse --show-toplevel [8ms]
2024-03-25 08:33:00.512 [info] > git config --get commit.template [45ms]
2024-03-25 08:33:00.723 [info] > git status -z -uall [336ms]
2024-03-25 08:33:00.726 [info] > git rev-parse --git-dir --git-common-dir [149ms]
2024-03-25 08:33:00.766 [info] Open repository: /home/zii/.config/awesome/lain
2024-03-25 08:33:00.994 [info] > git for-each-ref --format %(refname) %(objectname) %(*objectname) refs/tags [277ms]
2024-03-25 08:33:01.166 [info] > git status -z -uall [123ms]
2024-03-25 08:33:01.167 [info] > git check-ignore -v -z --stdin [67ms]
2024-03-25 08:33:01.171 [info] > git check-ignore -v -z --stdin [21ms]
2024-03-25 08:33:01.196 [info] > git config --get commit.template [223ms]
2024-03-25 08:33:01.197 [info] > git rev-parse --show-toplevel [260ms]
2024-03-25 08:33:01.206 [info] > git config --get commit.template [315ms]
2024-03-25 08:33:01.352 [info] > git config --get commit.template [89ms]
2024-03-25 08:33:01.372 [info] > git for-each-ref --format=%(refname)%00%(upstream:short)%00%(objectname)%00%(upstream:track)%00%(upstream:remotename)%00%(upstream:remoteref) refs/heads/main refs/remotes/main [25ms]
2024-03-25 08:33:01.373 [info] > git for-each-ref --format %(refname) %(objectname) %(*objectname) refs/tags [65ms]
2024-03-25 08:33:01.490 [warning] ENOENT: no such file or directory, open '/home/zii/.config/awesome/.git/refs/remotes/origin/main'
2024-03-25 08:33:01.509 [info] > git status -z -uall [94ms]
2024-03-25 08:33:01.512 [info] > git rev-parse refs/remotes/origin/main [22ms]
2024-03-25 08:33:01.553 [info] > git for-each-ref --format %(refname) %(objectname) %(*objectname) refs/tags [99ms]
2024-03-25 08:33:01.673 [info] > git status -z -uall [79ms]
2024-03-25 08:33:01.692 [info] > git status -z -uall [140ms]
2024-03-25 08:33:01.693 [info] > git config --get commit.template [38ms]
2024-03-25 08:33:01.874 [info] > git check-ignore -v -z --stdin [117ms]
2024-03-25 08:33:01.879 [info] > git check-ignore -v -z --stdin [88ms]
2024-03-25 08:33:01.881 [info] > git check-ignore -v -z --stdin [58ms]
2024-03-25 08:33:01.894 [info] > git for-each-ref --format %(refname) %(objectname) %(*objectname) refs/tags [24ms]
2024-03-25 08:33:01.958 [info] > git status -z -uall [28ms]
2024-03-25 08:33:02.507 [info] > git rev-parse --show-toplevel [3ms]
2024-03-25 08:33:02.553 [info] > git rev-parse --git-dir --git-common-dir [5ms]
2024-03-25 08:33:02.592 [info] Open repository: /home/zii/.config/awesome/lain/wiki
2024-03-25 08:33:02.642 [info] > git config --get commit.template [10ms]
2024-03-25 08:33:02.681 [info] > git for-each-ref --format %(refname) %(objectname) %(*objectname) refs/tags [7ms]
2024-03-25 08:33:02.726 [info] > git status -z -uall [11ms]
2024-03-25 08:33:02.782 [info] > git config --get commit.template [7ms]
2024-03-25 08:33:02.820 [info] > git for-each-ref --format %(refname) %(objectname) %(*objectname) refs/tags [5ms]
2024-03-25 08:33:02.858 [info] > git status -z -uall [8ms]
2024-03-25 08:33:03.353 [info] > git check-ignore -v -z --stdin [141ms]
2024-03-25 08:33:03.355 [info] > git check-ignore -v -z --stdin [110ms]
2024-03-25 08:33:03.357 [info] > git check-ignore -v -z --stdin [76ms]
2024-03-25 08:33:27.390 [info] > git show --textconv :rc.lua [90ms]
2024-03-25 08:33:27.391 [info] > git ls-files --stage -- /home/zii/.config/awesome/rc.lua [49ms]
2024-03-25 08:33:27.457 [info] > git cat-file -s 06c427465851a61383070e5af383646546c259d4 [27ms]
2024-03-25 08:35:00.825 [info] > git check-ignore -v -z --stdin [4ms]
2024-03-25 08:35:03.127 [info] > git check-ignore -v -z --stdin [4ms]
2024-03-25 08:35:12.201 [info] > git show --textconv :themes/powerarrow-midnight-blue/theme.lua [51ms]
2024-03-25 08:35:12.202 [info] > git ls-files --stage -- /home/zii/.config/awesome/themes/powerarrow-midnight-blue/theme.lua [14ms]
2024-03-25 08:35:12.252 [info] > git cat-file -s 5f349f07c2b205c18a04e5be76e51b888fe2eefa [17ms]
2024-03-25 08:35:38.498 [info] > git config --get commit.template [36ms]
2024-03-25 08:35:38.499 [info] > git for-each-ref --format=%(refname)%00%(upstream:short)%00%(objectname)%00%(upstream:track)%00%(upstream:remotename)%00%(upstream:remoteref) refs/heads/main refs/remotes/main [8ms]
2024-03-25 08:35:38.526 [warning] ENOENT: no such file or directory, open '/home/zii/.config/awesome/.git/refs/remotes/origin/main'
2024-03-25 08:35:38.529 [info] > git rev-parse refs/remotes/origin/main [4ms]
2024-03-25 08:35:38.668 [info] > git status -z -uall [111ms]
2024-03-25 08:36:21.253 [info] > git config --get commit.template [4ms]
2024-03-25 08:36:21.287 [info] > git for-each-ref --format=%(refname)%00%(upstream:short)%00%(objectname)%00%(upstream:track)%00%(upstream:remotename)%00%(upstream:remoteref) refs/heads/main refs/remotes/main [5ms]
2024-03-25 08:36:21.315 [warning] ENOENT: no such file or directory, open '/home/zii/.config/awesome/.git/refs/remotes/origin/main'
2024-03-25 08:36:21.319 [info] > git rev-parse refs/remotes/origin/main [4ms]
2024-03-25 08:36:21.457 [info] > git status -z -uall [111ms]
2024-03-25 08:36:39.355 [info] > git config --get commit.template [4ms]
2024-03-25 08:36:39.406 [info] > git for-each-ref --format=%(refname)%00%(upstream:short)%00%(objectname)%00%(upstream:track)%00%(upstream:remotename)%00%(upstream:remoteref) refs/heads/main refs/remotes/main [9ms]
2024-03-25 08:36:39.444 [warning] ENOENT: no such file or directory, open '/home/zii/.config/awesome/.git/refs/remotes/origin/main'
2024-03-25 08:36:39.453 [info] > git rev-parse refs/remotes/origin/main [8ms]
2024-03-25 08:36:39.621 [info] > git status -z -uall [129ms]
2024-03-25 08:37:27.285 [info] > git config --get commit.template [34ms]
2024-03-25 08:37:27.287 [info] > git for-each-ref --format=%(refname)%00%(upstream:short)%00%(objectname)%00%(upstream:track)%00%(upstream:remotename)%00%(upstream:remoteref) refs/heads/main refs/remotes/main [5ms]
2024-03-25 08:37:27.315 [warning] ENOENT: no such file or directory, open '/home/zii/.config/awesome/.git/refs/remotes/origin/main'
2024-03-25 08:37:27.318 [info] > git rev-parse refs/remotes/origin/main [4ms]
2024-03-25 08:37:27.457 [info] > git status -z -uall [111ms]
2024-03-25 08:37:35.252 [info] > git show --textconv :rc.lua [57ms]
2024-03-25 08:37:35.253 [info] > git ls-files --stage -- /home/zii/.config/awesome/rc.lua [14ms]
2024-03-25 08:37:35.297 [info] > git cat-file -s 06c427465851a61383070e5af383646546c259d4 [8ms]
2024-03-25 08:38:44.857 [info] > git config --get commit.template [36ms]
2024-03-25 08:38:44.859 [info] > git for-each-ref --format=%(refname)%00%(upstream:short)%00%(objectname)%00%(upstream:track)%00%(upstream:remotename)%00%(upstream:remoteref) refs/heads/main refs/remotes/main [5ms]
2024-03-25 08:38:44.888 [warning] ENOENT: no such file or directory, open '/home/zii/.config/awesome/.git/refs/remotes/origin/main'
2024-03-25 08:38:44.892 [info] > git rev-parse refs/remotes/origin/main [3ms]
2024-03-25 08:38:45.032 [info] > git status -z -uall [111ms]
2024-03-25 08:42:55.290 [info] > git config --get commit.template [43ms]
2024-03-25 08:42:55.293 [info] > git for-each-ref --format=%(refname)%00%(upstream:short)%00%(objectname)%00%(upstream:track)%00%(upstream:remotename)%00%(upstream:remoteref) refs/heads/main refs/remotes/main [6ms]
2024-03-25 08:42:55.326 [warning] ENOENT: no such file or directory, open '/home/zii/.config/awesome/.git/refs/remotes/origin/main'
2024-03-25 08:42:55.331 [info] > git rev-parse refs/remotes/origin/main [5ms]
2024-03-25 08:42:55.499 [info] > git status -z -uall [134ms]
2024-03-25 08:43:10.252 [info] > git show --textconv :themes/powerarrow-midnight-blue/theme.lua [48ms]
2024-03-25 08:43:10.262 [info] > git ls-files --stage -- /home/zii/.config/awesome/themes/powerarrow-midnight-blue/theme.lua [15ms]
2024-03-25 08:43:10.311 [info] > git cat-file -s 5f349f07c2b205c18a04e5be76e51b888fe2eefa [12ms]
2024-03-25 08:43:30.394 [info] > git config --get commit.template [33ms]
2024-03-25 08:43:30.397 [info] > git for-each-ref --format=%(refname)%00%(upstream:short)%00%(objectname)%00%(upstream:track)%00%(upstream:remotename)%00%(upstream:remoteref) refs/heads/main refs/remotes/main [5ms]
2024-03-25 08:43:30.426 [warning] ENOENT: no such file or directory, open '/home/zii/.config/awesome/.git/refs/remotes/origin/main'
2024-03-25 08:43:30.431 [info] > git rev-parse refs/remotes/origin/main [4ms]
2024-03-25 08:43:30.573 [info] > git status -z -uall [113ms]
2024-03-25 08:43:35.651 [info] > git config --get commit.template [7ms]
2024-03-25 08:43:35.705 [info] > git for-each-ref --format=%(refname)%00%(upstream:short)%00%(objectname)%00%(upstream:track)%00%(upstream:remotename)%00%(upstream:remoteref) refs/heads/main refs/remotes/main [12ms]
2024-03-25 08:43:35.745 [warning] ENOENT: no such file or directory, open '/home/zii/.config/awesome/.git/refs/remotes/origin/main'
2024-03-25 08:43:35.753 [info] > git rev-parse refs/remotes/origin/main [7ms]
2024-03-25 08:43:35.931 [info] > git status -z -uall [141ms]
2024-03-25 08:44:01.506 [info] > git config --get commit.template [4ms]
2024-03-25 08:44:01.544 [info] > git for-each-ref --format=%(refname)%00%(upstream:short)%00%(objectname)%00%(upstream:track)%00%(upstream:remotename)%00%(upstream:remoteref) refs/heads/main refs/remotes/main [6ms]
2024-03-25 08:44:01.575 [warning] ENOENT: no such file or directory, open '/home/zii/.config/awesome/.git/refs/remotes/origin/main'
2024-03-25 08:44:01.579 [info] > git rev-parse refs/remotes/origin/main [3ms]
2024-03-25 08:44:01.717 [info] > git status -z -uall [112ms]
