2024-03-22 14:06:25.957 [warning] Creation of workbench contribution 'workbench.contrib.explorerViewletViews' took 24ms.
2024-03-22 14:06:26.095 [warning] Creation of workbench contribution 'workbench.contrib.preferencesActions' took 32ms.
2024-03-22 14:06:27.948 [info] Started local extension host with pid 19220.
2024-03-22 14:06:28.844 [info] Started initializing default profile extensions in extensions installation folder. file:///home/zii/.vscode/extensions
2024-03-22 14:06:31.895 [info] Completed initializing default profile extensions in extensions installation folder. file:///home/zii/.vscode/extensions
2024-03-22 14:06:41.780 [info] [perf] Render performance baseline is 507ms
2024-03-22 14:08:58.646 [error] Cancelled: Canceled
    at ie.B (vscode-file://vscode-app/usr/share/code/resources/app/out/vs/workbench/workbench.desktop.main.js:781:28456)
    at async ie.z (vscode-file://vscode-app/usr/share/code/resources/app/out/vs/workbench/workbench.desktop.main.js:781:25333)
    at async ie.z (vscode-file://vscode-app/usr/share/code/resources/app/out/vs/workbench/workbench.desktop.main.js:781:26277)
    at async ne (vscode-file://vscode-app/usr/share/code/resources/app/out/vs/workbench/workbench.desktop.main.js:781:24336)
    at async ie.query (vscode-file://vscode-app/usr/share/code/resources/app/out/vs/workbench/workbench.desktop.main.js:781:24557)
    at async Y.queryGallery (vscode-file://vscode-app/usr/share/code/resources/app/out/vs/workbench/workbench.desktop.main.js:2941:12106)
    at async pe.Cc (vscode-file://vscode-app/usr/share/code/resources/app/out/vs/workbench/workbench.desktop.main.js:2877:22903)
    at async pe.mc (vscode-file://vscode-app/usr/share/code/resources/app/out/vs/workbench/workbench.desktop.main.js:2877:14515)
    at async vscode-file://vscode-app/usr/share/code/resources/app/out/vs/workbench/workbench.desktop.main.js:2877:12817
2024-03-22 14:09:36.908 [error] Cancelled: Canceled
    at ie.B (vscode-file://vscode-app/usr/share/code/resources/app/out/vs/workbench/workbench.desktop.main.js:781:28456)
    at async ie.z (vscode-file://vscode-app/usr/share/code/resources/app/out/vs/workbench/workbench.desktop.main.js:781:25333)
    at async ne (vscode-file://vscode-app/usr/share/code/resources/app/out/vs/workbench/workbench.desktop.main.js:781:24336)
    at async ie.query (vscode-file://vscode-app/usr/share/code/resources/app/out/vs/workbench/workbench.desktop.main.js:781:24557)
    at async Y.queryGallery (vscode-file://vscode-app/usr/share/code/resources/app/out/vs/workbench/workbench.desktop.main.js:2941:12106)
    at async pe.Cc (vscode-file://vscode-app/usr/share/code/resources/app/out/vs/workbench/workbench.desktop.main.js:2877:22903)
    at async pe.mc (vscode-file://vscode-app/usr/share/code/resources/app/out/vs/workbench/workbench.desktop.main.js:2877:14515)
    at async vscode-file://vscode-app/usr/share/code/resources/app/out/vs/workbench/workbench.desktop.main.js:2877:12817
2024-03-22 14:10:24.348 [error] Cancelled: Canceled
    at ie.B (vscode-file://vscode-app/usr/share/code/resources/app/out/vs/workbench/workbench.desktop.main.js:781:28456)
    at async ie.z (vscode-file://vscode-app/usr/share/code/resources/app/out/vs/workbench/workbench.desktop.main.js:781:25333)
    at async ne (vscode-file://vscode-app/usr/share/code/resources/app/out/vs/workbench/workbench.desktop.main.js:781:24336)
    at async ie.query (vscode-file://vscode-app/usr/share/code/resources/app/out/vs/workbench/workbench.desktop.main.js:781:24557)
    at async Y.queryGallery (vscode-file://vscode-app/usr/share/code/resources/app/out/vs/workbench/workbench.desktop.main.js:2941:12106)
    at async pe.Cc (vscode-file://vscode-app/usr/share/code/resources/app/out/vs/workbench/workbench.desktop.main.js:2877:22903)
    at async pe.mc (vscode-file://vscode-app/usr/share/code/resources/app/out/vs/workbench/workbench.desktop.main.js:2877:14515)
    at async vscode-file://vscode-app/usr/share/code/resources/app/out/vs/workbench/workbench.desktop.main.js:2877:12817
